C:\USERS\FH\DOCUMENTS\VISUAL STUDIO 2012\PROJECTS\OS_LAB2\OS_LAB2\DEBUG\MAIN.OBJ
C:\USERS\FH\DOCUMENTS\VISUAL STUDIO 2012\PROJECTS\OS_LAB2\OS_LAB2\DEBUG\WINDOWSTASKMANAGER.OBJ
C:\USERS\FH\DOCUMENTS\VISUAL STUDIO 2012\PROJECTS\OS_LAB2\OS_LAB2\DEBUG\VC110.PDB
C:\USERS\FH\DOCUMENTS\VISUAL STUDIO 2012\PROJECTS\OS_LAB2\OS_LAB2\DEBUG\UNIXTASKMANAGER.OBJ
C:\USERS\FH\DOCUMENTS\VISUAL STUDIO 2012\PROJECTS\OS_LAB2\OS_LAB2\DEBUG\ITASKMANAGER.OBJ
C:\USERS\FH\DOCUMENTS\VISUAL STUDIO 2012\PROJECTS\OS_LAB2\DEBUG\OS_LAB2.ILK
C:\USERS\FH\DOCUMENTS\VISUAL STUDIO 2012\PROJECTS\OS_LAB2\DEBUG\OS_LAB2.EXE
C:\USERS\FH\DOCUMENTS\VISUAL STUDIO 2012\PROJECTS\OS_LAB2\DEBUG\OS_LAB2.PDB
C:\Users\FH\documents\visual studio 2012\Projects\OS_lab2\OS_lab2\Debug\ITaskManager.obj
C:\Users\FH\documents\visual studio 2012\Projects\OS_lab2\OS_lab2\Debug\main.obj
C:\Users\FH\documents\visual studio 2012\Projects\OS_lab2\OS_lab2\Debug\UnixTaskManager.obj
C:\Users\FH\documents\visual studio 2012\Projects\OS_lab2\OS_lab2\Debug\WindowsTaskManager.obj
C:\Users\FH\documents\visual studio 2012\Projects\OS_lab2\OS_lab2\Debug\cl.command.1.tlog
C:\Users\FH\documents\visual studio 2012\Projects\OS_lab2\OS_lab2\Debug\CL.read.1.tlog
C:\Users\FH\documents\visual studio 2012\Projects\OS_lab2\OS_lab2\Debug\CL.write.1.tlog
C:\Users\FH\documents\visual studio 2012\Projects\OS_lab2\OS_lab2\Debug\link-cvtres.read.1.tlog
C:\Users\FH\documents\visual studio 2012\Projects\OS_lab2\OS_lab2\Debug\link-cvtres.write.1.tlog
C:\Users\FH\documents\visual studio 2012\Projects\OS_lab2\OS_lab2\Debug\link-rc.read.1.tlog
C:\Users\FH\documents\visual studio 2012\Projects\OS_lab2\OS_lab2\Debug\link-rc.write.1.tlog
C:\Users\FH\documents\visual studio 2012\Projects\OS_lab2\OS_lab2\Debug\link.13128-cvtres.read.1.tlog
C:\Users\FH\documents\visual studio 2012\Projects\OS_lab2\OS_lab2\Debug\link.13128-cvtres.write.1.tlog
C:\Users\FH\documents\visual studio 2012\Projects\OS_lab2\OS_lab2\Debug\link.13128-rc.read.1.tlog
C:\Users\FH\documents\visual studio 2012\Projects\OS_lab2\OS_lab2\Debug\link.13128-rc.write.1.tlog
C:\Users\FH\documents\visual studio 2012\Projects\OS_lab2\OS_lab2\Debug\link.13128.read.1.tlog
C:\Users\FH\documents\visual studio 2012\Projects\OS_lab2\OS_lab2\Debug\link.13128.write.1.tlog
C:\Users\FH\documents\visual studio 2012\Projects\OS_lab2\OS_lab2\Debug\link.13624-cvtres.read.1.tlog
C:\Users\FH\documents\visual studio 2012\Projects\OS_lab2\OS_lab2\Debug\link.13624-cvtres.write.1.tlog
C:\Users\FH\documents\visual studio 2012\Projects\OS_lab2\OS_lab2\Debug\link.13624-rc.read.1.tlog
C:\Users\FH\documents\visual studio 2012\Projects\OS_lab2\OS_lab2\Debug\link.13624-rc.write.1.tlog
C:\Users\FH\documents\visual studio 2012\Projects\OS_lab2\OS_lab2\Debug\link.13624.read.1.tlog
C:\Users\FH\documents\visual studio 2012\Projects\OS_lab2\OS_lab2\Debug\link.13624.write.1.tlog
C:\Users\FH\documents\visual studio 2012\Projects\OS_lab2\OS_lab2\Debug\link.13860-cvtres.read.1.tlog
C:\Users\FH\documents\visual studio 2012\Projects\OS_lab2\OS_lab2\Debug\link.13860-cvtres.write.1.tlog
C:\Users\FH\documents\visual studio 2012\Projects\OS_lab2\OS_lab2\Debug\link.13860-rc.read.1.tlog
C:\Users\FH\documents\visual studio 2012\Projects\OS_lab2\OS_lab2\Debug\link.13860-rc.write.1.tlog
C:\Users\FH\documents\visual studio 2012\Projects\OS_lab2\OS_lab2\Debug\link.13860.read.1.tlog
C:\Users\FH\documents\visual studio 2012\Projects\OS_lab2\OS_lab2\Debug\link.13860.write.1.tlog
C:\Users\FH\documents\visual studio 2012\Projects\OS_lab2\OS_lab2\Debug\link.14028-cvtres.read.1.tlog
C:\Users\FH\documents\visual studio 2012\Projects\OS_lab2\OS_lab2\Debug\link.14028-cvtres.write.1.tlog
C:\Users\FH\documents\visual studio 2012\Projects\OS_lab2\OS_lab2\Debug\link.14028-rc.read.1.tlog
C:\Users\FH\documents\visual studio 2012\Projects\OS_lab2\OS_lab2\Debug\link.14028-rc.write.1.tlog
C:\Users\FH\documents\visual studio 2012\Projects\OS_lab2\OS_lab2\Debug\link.14028.read.1.tlog
C:\Users\FH\documents\visual studio 2012\Projects\OS_lab2\OS_lab2\Debug\link.14028.write.1.tlog
C:\Users\FH\documents\visual studio 2012\Projects\OS_lab2\OS_lab2\Debug\link.15524-cvtres.read.1.tlog
C:\Users\FH\documents\visual studio 2012\Projects\OS_lab2\OS_lab2\Debug\link.15524-cvtres.write.1.tlog
C:\Users\FH\documents\visual studio 2012\Projects\OS_lab2\OS_lab2\Debug\link.15524-rc.read.1.tlog
C:\Users\FH\documents\visual studio 2012\Projects\OS_lab2\OS_lab2\Debug\link.15524-rc.write.1.tlog
C:\Users\FH\documents\visual studio 2012\Projects\OS_lab2\OS_lab2\Debug\link.15524.read.1.tlog
C:\Users\FH\documents\visual studio 2012\Projects\OS_lab2\OS_lab2\Debug\link.15524.write.1.tlog
C:\Users\FH\documents\visual studio 2012\Projects\OS_lab2\OS_lab2\Debug\link.15540-cvtres.read.1.tlog
C:\Users\FH\documents\visual studio 2012\Projects\OS_lab2\OS_lab2\Debug\link.15540-cvtres.write.1.tlog
C:\Users\FH\documents\visual studio 2012\Projects\OS_lab2\OS_lab2\Debug\link.15540-rc.read.1.tlog
C:\Users\FH\documents\visual studio 2012\Projects\OS_lab2\OS_lab2\Debug\link.15540-rc.write.1.tlog
C:\Users\FH\documents\visual studio 2012\Projects\OS_lab2\OS_lab2\Debug\link.15540.read.1.tlog
C:\Users\FH\documents\visual studio 2012\Projects\OS_lab2\OS_lab2\Debug\link.15540.write.1.tlog
C:\Users\FH\documents\visual studio 2012\Projects\OS_lab2\OS_lab2\Debug\link.15736-cvtres.read.1.tlog
C:\Users\FH\documents\visual studio 2012\Projects\OS_lab2\OS_lab2\Debug\link.15736-cvtres.write.1.tlog
C:\Users\FH\documents\visual studio 2012\Projects\OS_lab2\OS_lab2\Debug\link.15736-rc.read.1.tlog
C:\Users\FH\documents\visual studio 2012\Projects\OS_lab2\OS_lab2\Debug\link.15736-rc.write.1.tlog
C:\Users\FH\documents\visual studio 2012\Projects\OS_lab2\OS_lab2\Debug\link.15736.read.1.tlog
C:\Users\FH\documents\visual studio 2012\Projects\OS_lab2\OS_lab2\Debug\link.15736.write.1.tlog
C:\Users\FH\documents\visual studio 2012\Projects\OS_lab2\OS_lab2\Debug\link.16272-cvtres.read.1.tlog
C:\Users\FH\documents\visual studio 2012\Projects\OS_lab2\OS_lab2\Debug\link.16272-cvtres.write.1.tlog
C:\Users\FH\documents\visual studio 2012\Projects\OS_lab2\OS_lab2\Debug\link.16272-rc.read.1.tlog
C:\Users\FH\documents\visual studio 2012\Projects\OS_lab2\OS_lab2\Debug\link.16272-rc.write.1.tlog
C:\Users\FH\documents\visual studio 2012\Projects\OS_lab2\OS_lab2\Debug\link.16272.read.1.tlog
C:\Users\FH\documents\visual studio 2012\Projects\OS_lab2\OS_lab2\Debug\link.16272.write.1.tlog
C:\Users\FH\documents\visual studio 2012\Projects\OS_lab2\OS_lab2\Debug\link.16472-cvtres.read.1.tlog
C:\Users\FH\documents\visual studio 2012\Projects\OS_lab2\OS_lab2\Debug\link.16472-cvtres.write.1.tlog
C:\Users\FH\documents\visual studio 2012\Projects\OS_lab2\OS_lab2\Debug\link.16472-rc.read.1.tlog
C:\Users\FH\documents\visual studio 2012\Projects\OS_lab2\OS_lab2\Debug\link.16472-rc.write.1.tlog
C:\Users\FH\documents\visual studio 2012\Projects\OS_lab2\OS_lab2\Debug\link.16472.read.1.tlog
C:\Users\FH\documents\visual studio 2012\Projects\OS_lab2\OS_lab2\Debug\link.16472.write.1.tlog
C:\Users\FH\documents\visual studio 2012\Projects\OS_lab2\OS_lab2\Debug\link.16564-cvtres.read.1.tlog
C:\Users\FH\documents\visual studio 2012\Projects\OS_lab2\OS_lab2\Debug\link.16564-cvtres.write.1.tlog
C:\Users\FH\documents\visual studio 2012\Projects\OS_lab2\OS_lab2\Debug\link.16564-rc.read.1.tlog
C:\Users\FH\documents\visual studio 2012\Projects\OS_lab2\OS_lab2\Debug\link.16564-rc.write.1.tlog
C:\Users\FH\documents\visual studio 2012\Projects\OS_lab2\OS_lab2\Debug\link.16564.read.1.tlog
C:\Users\FH\documents\visual studio 2012\Projects\OS_lab2\OS_lab2\Debug\link.16564.write.1.tlog
C:\Users\FH\documents\visual studio 2012\Projects\OS_lab2\OS_lab2\Debug\link.17144-cvtres.read.1.tlog
C:\Users\FH\documents\visual studio 2012\Projects\OS_lab2\OS_lab2\Debug\link.17144-cvtres.write.1.tlog
C:\Users\FH\documents\visual studio 2012\Projects\OS_lab2\OS_lab2\Debug\link.17144-rc.read.1.tlog
C:\Users\FH\documents\visual studio 2012\Projects\OS_lab2\OS_lab2\Debug\link.17144-rc.write.1.tlog
C:\Users\FH\documents\visual studio 2012\Projects\OS_lab2\OS_lab2\Debug\link.17144.read.1.tlog
C:\Users\FH\documents\visual studio 2012\Projects\OS_lab2\OS_lab2\Debug\link.17144.write.1.tlog
C:\Users\FH\documents\visual studio 2012\Projects\OS_lab2\OS_lab2\Debug\link.17192-cvtres.read.1.tlog
C:\Users\FH\documents\visual studio 2012\Projects\OS_lab2\OS_lab2\Debug\link.17192-cvtres.write.1.tlog
C:\Users\FH\documents\visual studio 2012\Projects\OS_lab2\OS_lab2\Debug\link.17192-rc.read.1.tlog
C:\Users\FH\documents\visual studio 2012\Projects\OS_lab2\OS_lab2\Debug\link.17192-rc.write.1.tlog
C:\Users\FH\documents\visual studio 2012\Projects\OS_lab2\OS_lab2\Debug\link.17192.read.1.tlog
C:\Users\FH\documents\visual studio 2012\Projects\OS_lab2\OS_lab2\Debug\link.17192.write.1.tlog
C:\Users\FH\documents\visual studio 2012\Projects\OS_lab2\OS_lab2\Debug\link.17204-cvtres.read.1.tlog
C:\Users\FH\documents\visual studio 2012\Projects\OS_lab2\OS_lab2\Debug\link.17204-cvtres.write.1.tlog
C:\Users\FH\documents\visual studio 2012\Projects\OS_lab2\OS_lab2\Debug\link.17204-rc.read.1.tlog
C:\Users\FH\documents\visual studio 2012\Projects\OS_lab2\OS_lab2\Debug\link.17204-rc.write.1.tlog
C:\Users\FH\documents\visual studio 2012\Projects\OS_lab2\OS_lab2\Debug\link.17204.read.1.tlog
C:\Users\FH\documents\visual studio 2012\Projects\OS_lab2\OS_lab2\Debug\link.17204.write.1.tlog
C:\Users\FH\documents\visual studio 2012\Projects\OS_lab2\OS_lab2\Debug\link.8012-cvtres.read.1.tlog
C:\Users\FH\documents\visual studio 2012\Projects\OS_lab2\OS_lab2\Debug\link.8012-cvtres.write.1.tlog
C:\Users\FH\documents\visual studio 2012\Projects\OS_lab2\OS_lab2\Debug\link.8012-rc.read.1.tlog
C:\Users\FH\documents\visual studio 2012\Projects\OS_lab2\OS_lab2\Debug\link.8012-rc.write.1.tlog
C:\Users\FH\documents\visual studio 2012\Projects\OS_lab2\OS_lab2\Debug\link.8012.read.1.tlog
C:\Users\FH\documents\visual studio 2012\Projects\OS_lab2\OS_lab2\Debug\link.8012.write.1.tlog
C:\Users\FH\documents\visual studio 2012\Projects\OS_lab2\OS_lab2\Debug\link.9552-cvtres.read.1.tlog
C:\Users\FH\documents\visual studio 2012\Projects\OS_lab2\OS_lab2\Debug\link.9552-cvtres.write.1.tlog
C:\Users\FH\documents\visual studio 2012\Projects\OS_lab2\OS_lab2\Debug\link.9552-rc.read.1.tlog
C:\Users\FH\documents\visual studio 2012\Projects\OS_lab2\OS_lab2\Debug\link.9552-rc.write.1.tlog
C:\Users\FH\documents\visual studio 2012\Projects\OS_lab2\OS_lab2\Debug\link.9552.read.1.tlog
C:\Users\FH\documents\visual studio 2012\Projects\OS_lab2\OS_lab2\Debug\link.9552.write.1.tlog
C:\Users\FH\documents\visual studio 2012\Projects\OS_lab2\OS_lab2\Debug\link.command.1.tlog
C:\Users\FH\documents\visual studio 2012\Projects\OS_lab2\OS_lab2\Debug\link.read.1.tlog
C:\Users\FH\documents\visual studio 2012\Projects\OS_lab2\OS_lab2\Debug\link.write.1.tlog
C:\Users\FH\documents\visual studio 2012\Projects\OS_lab2\OS_lab2\Debug\vc110.idb
C:\Users\FH\documents\visual studio 2012\Projects\OS_lab2\OS_lab2\Debug\vc110.pdb
C:\Users\FH\documents\visual studio 2012\Projects\OS_lab2\Debug\OS_lab2.pdb
C:\Users\FH\documents\visual studio 2012\Projects\OS_lab2\Debug\OS_lab2.exe
C:\Users\FH\documents\visual studio 2012\Projects\OS_lab2\Debug\OS_lab2.ilk
